You are using folder ../C1_lc.fits
The images are going to C1_lc/
STARTING FILTER G

Regular values
Mean=1.7318719408783796
std=0.9941390066715741

Logged values
Mean=0.19462990797541743
std=0.1799593379814035
[0.08473 1.1044 ]
STARTING FILTER G

Regular values
Mean=1.1156800689889388
std=0.7011931445016589

Logged values
Mean=0.00801114926640437
std=0.16556700538477798
STARTING FILTER R

1.5172741e+20
Regular values
Mean=1.3270679405071786
std=0.8678150599779845

Logged values
Mean=0.07534845116737017
std=0.18217699657194086
[0.04493 1.03103]
STARTING FILTER R

Regular values
Mean=1.2345930231601767
std=0.772356818016052

Logged values
Mean=0.050551071547260254
std=0.16690490471830563
STARTING FILTER I

Regular values
Mean=1.3682483225158986
std=0.8916471328673193

Logged values
Mean=0.08881778376690896
std=0.17981271382807637
[0.05206 1.01701]
STARTING FILTER I

Regular values
Mean=1.2008343511901465
std=0.7811583870797253

Logged values
Mean=0.03581178802163023
std=0.17198845412849187
STARTING FILTER Z

flux overflow issue
15345.496
21320.179526143707
198.37277
[334.78784 335.38208 334.9873  334.98773 336.8293  338.80093 337.82727
 340.04498 341.08148 338.276   335.52286 336.69797 335.75885 336.35693
 338.6156  338.2443  340.22406 340.0292  339.7657  340.02087 339.12613
 339.50287 340.11383 336.96274 338.66983 338.10263 337.4741  338.0246
 338.74127 337.4986  337.41306 340.85034 339.33273   0.94653 338.84607
 339.2698  340.84406 338.6886  339.1807  339.46494 337.5393  338.8947
 337.69586 339.00308 342.0281  340.1054  338.52692 338.52805 339.80853
 341.5831  340.8223  339.045   341.145   341.64694 341.6042  339.8093
 339.49918 338.83386 340.1532  337.4746  340.04297 339.75024 339.06335
 339.72473 337.82333 340.43408 342.427   339.29404 339.34634 339.76392
 340.11237 340.3416  338.4645  339.23825 340.68018 341.39627 340.5712
 340.21753 341.0962  340.7632  340.18896 340.0299  341.51392 340.931
 342.0604  344.3871  339.0059  337.8566  343.6795  340.86554 341.3257
 339.79803 340.42896 341.1725  343.3518  342.1434  341.04443 341.58157
 343.3956  340.77768 341.0538  340.75327 341.8672  340.66568 343.09103
 342.05283 341.2763  340.31232 339.77747 340.5254  340.3681 ]
flux overflow issue
571.4468
2298.9753986746073
218.78665
[225.39073 223.95728 226.30937 225.37451 226.60532 225.33366 226.26591
 226.92554 227.64438 227.35336 157.57329 165.96184 223.11128 223.88849
 224.13722 225.73868 226.63095 224.3424  225.16476 225.14894 226.80084
 227.99072 227.30733 227.3308  226.74347 225.62617 227.3638  228.62846
 227.99167 227.51787 228.04225 229.1876  229.07698 227.73325 225.77867
 227.24635 227.55658 228.27818 229.48363 227.40579 227.30002 227.80566
 227.50357 176.76582 185.93886 226.83337 226.05821 205.66335 227.50612
 227.2334  227.64638 226.33942 225.41295 226.45338 226.36552 226.00272
 225.63457 225.45769 224.85309 224.97752 225.07668 226.38556 226.1722
 228.15378 226.26447 226.20216 226.39963 226.81433 227.17761 266.73428
 256.9618  227.23978 227.15231 141.52086 138.82329 177.43694 170.05278
 229.45537 228.76973 227.13756 227.46884 228.65738 228.90872 225.5201
 226.80815 224.87556 224.84946 224.71487 224.54257 227.59454 228.97499
 226.03606 227.14655 225.24313 225.27773 228.69922 227.62534 226.1553
 225.8907  226.47598 226.71483 226.1645  226.28258 226.64674 226.97539
 225.5565  224.70984 227.105   225.4994  225.93341 226.15416 227.05484
 227.46422 226.30226 227.99074 228.44357 228.35027 227.55415 225.41992
 224.55069 226.77292 226.97299 226.41437 223.76253 224.92699 226.18129
 226.59148 227.97246 217.94354 210.5162  155.61635 147.76761 225.88065
 226.09224 225.33176 227.74683 226.83783 156.52739 227.65535 228.04196
 227.65096 227.6861  226.9755  226.87958 226.45662 226.15375 226.7682
 223.86531 226.80888 225.48003 225.15993 226.01575 225.75758 226.33498
 228.61765 229.08986 226.23225 225.69318 226.64297 227.05156 225.9564
 226.08533]
1.9060901e+21
Regular values
Mean=1.2910843264945127
std=0.7758673744173822

Logged values
Mean=0.07100878368142269
std=0.1662821670042328
[0.03255 1.02925]
STARTING FILTER Z

Regular values
Mean=1.2119766917038113
std=0.6432767679892165

Logged values
Mean=0.05212307244315377
std=0.14702471183299748
