You are using folder ../C2_lc.fits
The images are going to C2_lc/
STARTING FILTER G

Regular values
Mean=1.6855184152080434
std=0.970405507651782

Logged values
Mean=0.18308569062058722
std=0.17960211574359985
[0.08009 1.10624]
STARTING FILTER G

Regular values
Mean=1.143489921176288
std=0.7956316419233918

Logged values
Mean=0.00987108386391726
std=0.18322241906203143
STARTING FILTER R

Regular values
Mean=1.4901062394320064
std=1.1711316952999615

Logged values
Mean=0.10447132936600453
std=0.2173615197671234
[0.0586  1.03455]
STARTING FILTER R

Regular values
Mean=1.3800053342168597
std=1.0351495265489505

Logged values
Mean=0.07921585494158558
std=0.20190783257202685
STARTING FILTER I

Regular values
Mean=1.6031895172707318
std=1.296644664533822

Logged values
Mean=0.13040369373461888
std=0.2240826066592893
[0.06689 1.02035]
STARTING FILTER I

Regular values
Mean=1.4010422126855588
std=1.1880375680612896

Logged values
Mean=0.06980456467906092
std=0.22497384224181782
STARTING FILTER Z

[4.5077e+20]
Regular values
Mean=1.4791182218970331
std=1.1220061897262819

Logged values
Mean=0.10578450127338063
std=0.20854003881170735
[0.04253 1.02772]
STARTING FILTER Z

Regular values
Mean=1.3123106406647036
std=0.8513948275133066

Logged values
Mean=0.07250381590296458
std=0.17497361946674472
