You are using folder ../S1_lc.fits
The images are going to S1_lc/
STARTING FILTER G

Regular values
Mean=1.729525141131505
std=0.9940409627566937

Logged values
Mean=0.19362344634409293
std=0.18290016099140943
[0.0843  1.12906]
STARTING FILTER G

Regular values
Mean=1.108690776758726
std=0.71160198227071

Logged values
Mean=-0.0016171463202457356
std=0.1857496557169767
STARTING FILTER R

Regular values
Mean=1.3447335845828634
std=0.8248244118064406

Logged values
Mean=0.08080143773246146
std=0.19068055074856244
[0.03459 1.06469]
STARTING FILTER R

Regular values
Mean=1.2791568561981377
std=0.7761090897324294

Logged values
Mean=0.06649404785587341
std=0.16801952152991126
STARTING FILTER I

Regular values
Mean=1.3988904910889044
std=0.8163401197154975

Logged values
Mean=0.10496805535494647
std=0.17098982176703809
[0.04133 1.0605 ]
STARTING FILTER I

Regular values
Mean=1.2144327542829325
std=0.6775381894550985

Logged values
Mean=0.048716719967954805
std=0.15890968600320265
STARTING FILTER Z

Regular values
Mean=1.3057973406595007
std=0.6885496886974293

Logged values
Mean=0.08289276981446471
std=0.154033664606866
[0.04172 1.04725]
STARTING FILTER Z

Regular values
Mean=1.1504818565107886
std=0.5842935555659858

Logged values
Mean=0.03247897174039401
std=0.1419989716974136
