You are using folder ../X2_lc.fits
The images are going to X2_lc/
STARTING FILTER G

Regular values
Mean=1.721968963853097
std=1.056174078510538

Logged values
Mean=0.18594986023001095
std=0.1928180702569177
[0.08292 1.10899]
STARTING FILTER G

Regular values
Mean=1.1341819183902382
std=0.701587136915824

Logged values
Mean=0.012492013688958721
std=0.17562894346986746
STARTING FILTER R

[2.21394e+19]
Regular values
Mean=1.411407930562485
std=0.8863024138726975

Logged values
Mean=0.1006124232851353
std=0.19029552326449714
[0.06384 1.04505]
STARTING FILTER R

Regular values
Mean=1.2224279653405608
std=0.719801486088266

Logged values
Mean=0.04907474649599484
std=0.16462211903418647
STARTING FILTER I

Regular values
Mean=1.3423777635001657
std=0.8431915202629917

Logged values
Mean=0.08485935919719262
std=0.17240704452559047
[0.05255 1.03393]
STARTING FILTER I

Regular values
Mean=1.1580639138860847
std=0.7242701303083372

Logged values
Mean=0.025108068744370597
std=0.16031271794524546
STARTING FILTER Z

Regular values
Mean=1.2585451262245366
std=0.6973560424587844

Logged values
Mean=0.06468135552252628
std=0.15724617826246765
[0.03642 1.02745]
STARTING FILTER Z

Regular values
Mean=1.1815605500536641
std=0.5565974003831496

Logged values
Mean=0.046557305214751
std=0.13550870956184838
