Thu Oct  7 17:23:24 CDT 2021
Chi_squared_LCs_all_band_data.py:33: RuntimeWarning: divide by zero encountered in true_divide
  chi = np.sum(((fluxes - mean_flux)**2)/(ind_errs**2))/(len(fluxes)-1)
Chi_squared_LCs_all_band_data.py:33: RuntimeWarning: invalid value encountered in true_divide
  chi = np.sum(((fluxes - mean_flux)**2)/(ind_errs**2))/(len(fluxes)-1)
Chi_squared_LCs_all_band_data.py:33: RuntimeWarning: overflow encountered in square
  chi = np.sum(((fluxes - mean_flux)**2)/(ind_errs**2))/(len(fluxes)-1)
Chi_squared_LCs_all_band_data.py:33: RuntimeWarning: invalid value encountered in true_divide
  chi = np.sum(((fluxes - mean_flux)**2)/(ind_errs**2))/(len(fluxes)-1)
/home/thrush2/caps_dir/mypython3/numpy/core/fromnumeric.py:3420: RuntimeWarning: Mean of empty slice.
  out=out, **kwargs)
/home/thrush2/caps_dir/mypython3/numpy/core/_methods.py:188: RuntimeWarning: invalid value encountered in true_divide
  ret = ret.dtype.type(ret / rcount)
/home/thrush2/caps_dir/mypython3/numpy/core/fromnumeric.py:3420: RuntimeWarning: Mean of empty slice.
  out=out, **kwargs)
/home/thrush2/caps_dir/mypython3/numpy/core/_methods.py:188: RuntimeWarning: invalid value encountered in true_divide
  ret = ret.dtype.type(ret / rcount)
Chi_squared_LCs_all_band_data.py:33: RuntimeWarning: invalid value encountered in true_divide
  chi = np.sum(((fluxes - mean_flux)**2)/(ind_errs**2))/(len(fluxes)-1)
Chi_squared_LCs_all_band_data.py:33: RuntimeWarning: overflow encountered in square
  chi = np.sum(((fluxes - mean_flux)**2)/(ind_errs**2))/(len(fluxes)-1)
Chi_squared_LCs_all_band_data.py:33: RuntimeWarning: invalid value encountered in true_divide
  chi = np.sum(((fluxes - mean_flux)**2)/(ind_errs**2))/(len(fluxes)-1)
/home/thrush2/caps_dir/mypython3/numpy/core/fromnumeric.py:3420: RuntimeWarning: Mean of empty slice.
  out=out, **kwargs)
/home/thrush2/caps_dir/mypython3/numpy/core/_methods.py:188: RuntimeWarning: invalid value encountered in true_divide
  ret = ret.dtype.type(ret / rcount)
Chi_squared_LCs_all_band_data.py:33: RuntimeWarning: invalid value encountered in true_divide
  chi = np.sum(((fluxes - mean_flux)**2)/(ind_errs**2))/(len(fluxes)-1)
Chi_squared_LCs_all_band_data.py:33: RuntimeWarning: overflow encountered in square
  chi = np.sum(((fluxes - mean_flux)**2)/(ind_errs**2))/(len(fluxes)-1)
/home/thrush2/caps_dir/mypython3/numpy/core/fromnumeric.py:3420: RuntimeWarning: Mean of empty slice.
  out=out, **kwargs)
/home/thrush2/caps_dir/mypython3/numpy/core/_methods.py:188: RuntimeWarning: invalid value encountered in true_divide
  ret = ret.dtype.type(ret / rcount)
Chi_squared_LCs_all_band_data.py:33: RuntimeWarning: invalid value encountered in true_divide
  chi = np.sum(((fluxes - mean_flux)**2)/(ind_errs**2))/(len(fluxes)-1)
/home/thrush2/caps_dir/mypython3/numpy/core/fromnumeric.py:3420: RuntimeWarning: Mean of empty slice.
  out=out, **kwargs)
/home/thrush2/caps_dir/mypython3/numpy/core/_methods.py:188: RuntimeWarning: invalid value encountered in true_divide
  ret = ret.dtype.type(ret / rcount)
Thu Oct  7 17:28:05 CDT 2021
