You are using folder ../E2_lc.fits
The images are going to E2_lc/
STARTING FILTER G

[5.17777e+23]
Regular values
Mean=1.5836726671161983
std=0.8992030392698318

Logged values
Mean=0.15910459066342353
std=0.17216638905535533
[0.08241 1.08389]
STARTING FILTER G

Regular values
Mean=1.1014184554038364
std=0.6799448203868981

Logged values
Mean=0.0019204217705427547
std=0.16920241623929988
STARTING FILTER R

Regular values
Mean=1.2983087871982557
std=0.8697452452755273

Logged values
Mean=0.06574245989308686
std=0.1816879271107447
[0.05357 1.02233]
STARTING FILTER R

Regular values
Mean=1.1957391903855463
std=0.7885262352472423

Logged values
Mean=0.03459103224184602
std=0.16964742438768696
STARTING FILTER I

Regular values
Mean=1.299343000517125
std=0.8479811288366035

Logged values
Mean=0.06988639305340884
std=0.1714857371704696
[0.03321 1.03375]
STARTING FILTER I

Regular values
Mean=1.217436692725248
std=0.8117306020779996

Logged values
Mean=0.04327335987879391
std=0.16464652412757325
STARTING FILTER Z

Regular values
Mean=1.2650629668449
std=0.7508904707216189

Logged values
Mean=0.06586832415956984
std=0.15576154337021722
[0.03309 1.02263]
STARTING FILTER Z

Regular values
Mean=1.1765846946188971
std=0.6296986872628394

Logged values
Mean=0.04234612605818012
std=0.13736126811223875
