You are using folder ../S2_lc.fits
The images are going to S2_lc/
STARTING FILTER G

Regular values
Mean=1.7059791518146485
std=0.9513817138338293

Logged values
Mean=0.18792764522204555
std=0.1834872899187019
[0.09002 1.11969]
STARTING FILTER G

Regular values
Mean=1.115047769611707
std=0.7359033969183781

Logged values
Mean=-0.00309493818242624
std=0.19445432269255863
STARTING FILTER R

Regular values
Mean=1.378543331958718
std=0.876687199205478

Logged values
Mean=0.08758895294377626
std=0.19900749093998107
[0.06702 1.03693]
STARTING FILTER R

Regular values
Mean=1.2110336075311636
std=0.75973858482285

Logged values
Mean=0.039567505724933554
std=0.17765095724034224
STARTING FILTER I

[2.64326e+23]
Regular values
Mean=1.4074350450965265
std=0.9168043206101173

Logged values
Mean=0.09936024921253658
std=0.1873375191787043
[0.04369 1.06305]
STARTING FILTER I

Regular values
Mean=1.2689745608063907
std=0.8554323635368032

Logged values
Mean=0.057452284915140366
std=0.17410082657230078
STARTING FILTER Z

Regular values
Mean=1.3604249811494786
std=0.8528505775625029

Logged values
Mean=0.09124083819641811
std=0.1696280219109842
[0.04174 1.03923]
STARTING FILTER Z

Regular values
Mean=1.2138706993227644
std=0.6993172509288953

Logged values
Mean=0.04892827373717986
std=0.1548599031769288
