You are using folder ../X1_lc.fits
The images are going to X1_lc/
STARTING FILTER G

[1.80068e+20]
Regular values
Mean=1.6838588338629303
std=1.0237861276179077

Logged values
Mean=0.1786707257765419
std=0.1869490396952883
[0.09194 1.07466]
STARTING FILTER G

Regular values
Mean=1.1091225844916512
std=0.6645884838777351

Logged values
Mean=0.004431547084994021
std=0.1720246542697619
STARTING FILTER R

Regular values
Mean=1.3324408228843752
std=0.8619888555082238

Logged values
Mean=0.07660405358169119
std=0.18555403623284816
[0.05858 1.02236]
STARTING FILTER R

Regular values
Mean=1.2046811259367967
std=0.7429829905821442

Logged values
Mean=0.04140870194543
std=0.1647401864846098
STARTING FILTER I

Regular values
Mean=1.3361821392270803
std=0.8580926119009146

Logged values
Mean=0.08070675439769101
std=0.1762337460206883
[0.03999 1.03895]
STARTING FILTER I

Regular values
Mean=1.2318785739171998
std=0.8094853648655173

Logged values
Mean=0.04582002156520897
std=0.17359872278870872
STARTING FILTER Z

Regular values
Mean=1.3645756979357186
std=0.8398341114183518

Logged values
Mean=0.09179599426543358
std=0.17383001054074115
[0.04129 1.04328]
STARTING FILTER Z

Regular values
Mean=1.2566941124586788
std=0.7415120882865538

Logged values
Mean=0.061511537097010655
std=0.16126981426210077
