You are using folder ../E1_lc.fits
The images are going to E1_lc/
STARTING FILTER G

Regular values
Mean=1.7280030342156665
std=0.9223139421942148

Logged values
Mean=0.1986314140290725
std=0.17105299259351311
[0.07572 1.1558 ]
STARTING FILTER G

Regular values
Mean=1.1006940670118301
std=0.6280683700441625

Logged values
Mean=0.003869697536280525
std=0.16782826532664455
STARTING FILTER R

[2.31366e+23]
[1.64106e+23]
Regular values
Mean=1.3242867834505943
std=0.7869012085812495

Logged values
Mean=0.07928295232393893
std=0.17759279952885554
[0.04558 1.0504 ]
STARTING FILTER R

Regular values
Mean=1.2230108414913263
std=0.7254088245096971

Logged values
Mean=0.05028122454680387
std=0.16045892095307665
STARTING FILTER I

Regular values
Mean=1.3006258289992114
std=0.7657071385732486

Logged values
Mean=0.0765969879724704
std=0.1608729929149368
[0.0357  1.04135]
STARTING FILTER I

Regular values
Mean=1.1669213424288354
std=0.7026448560739541

Logged values
Mean=0.03105700935081368
std=0.15479637482421166
STARTING FILTER Z

Regular values
Mean=1.2379271654583626
std=0.6885073716630232

Logged values
Mean=0.05956218730759522
std=0.15084701924772892
[4.37359e-06 1.03456e+00]
STARTING FILTER Z

Regular values
Mean=1.2315686569199207
std=0.6456500951982888

Logged values
Mean=0.06106976886530947
std=0.14148309474098877
